c:\users\hiba alhamad\documents\‏‏factory2 - نسخة (2)\factory2\x64\debug\vc143.pdb
c:\users\hiba alhamad\documents\‏‏factory2 - نسخة (2)\factory2\x64\debug\vc143.idb
c:\users\hiba alhamad\documents\‏‏factory2 - نسخة (2)\factory2\x64\debug\showroom.obj
c:\users\hiba alhamad\documents\‏‏factory2 - نسخة (2)\factory2\x64\debug\model_3ds.obj
c:\users\hiba alhamad\documents\‏‏factory2 - نسخة (2)\factory2\x64\debug\light.obj
c:\users\hiba alhamad\documents\‏‏factory2 - نسخة (2)\factory2\x64\debug\factory2.obj
c:\users\hiba alhamad\documents\‏‏factory2 - نسخة (2)\factory2\x64\debug\door.obj
c:\users\hiba alhamad\documents\‏‏factory2 - نسخة (2)\factory2\x64\debug\camera.obj
c:\users\hiba alhamad\documents\‏‏factory2 - نسخة (2)\factory2\x64\debug\texture.obj
c:\users\hiba alhamad\documents\‏‏factory2 - نسخة (2)\factory2\x64\debug\sphere.obj
c:\users\hiba alhamad\documents\‏‏factory2 - نسخة (2)\factory2\x64\debug\point.obj
c:\users\hiba alhamad\documents\‏‏factory2 - نسخة (2)\factory2\x64\debug\cylinder.obj
c:\users\hiba alhamad\documents\‏‏factory2 - نسخة (2)\factory2\x64\debug\cuboid.obj
c:\users\hiba alhamad\documents\‏‏factory2 - نسخة (2)\factory2\x64\debug\factory2.res
c:\users\hiba alhamad\documents\‏‏factory2 - نسخة (2)\factory2\x64\debug\factory2.tlog\cl.command.1.tlog
c:\users\hiba alhamad\documents\‏‏factory2 - نسخة (2)\factory2\x64\debug\factory2.tlog\cl.read.1.tlog
c:\users\hiba alhamad\documents\‏‏factory2 - نسخة (2)\factory2\x64\debug\factory2.tlog\cl.write.1.tlog
c:\users\hiba alhamad\documents\‏‏factory2 - نسخة (2)\factory2\x64\debug\factory2.tlog\link.command.1.tlog
c:\users\hiba alhamad\documents\‏‏factory2 - نسخة (2)\factory2\x64\debug\factory2.tlog\link.read.1.tlog
c:\users\hiba alhamad\documents\‏‏factory2 - نسخة (2)\factory2\x64\debug\factory2.tlog\link.write.1.tlog
c:\users\hiba alhamad\documents\‏‏factory2 - نسخة (2)\factory2\x64\debug\factory2.tlog\rc.command.1.tlog
c:\users\hiba alhamad\documents\‏‏factory2 - نسخة (2)\factory2\x64\debug\factory2.tlog\rc.read.1.tlog
c:\users\hiba alhamad\documents\‏‏factory2 - نسخة (2)\factory2\x64\debug\factory2.tlog\rc.write.1.tlog
