c:\users\hiba alhamad\documents\‏‏factory2 - نسخة (2)\factory2\debug\vc143.pdb
c:\users\hiba alhamad\documents\‏‏factory2 - نسخة (2)\factory2\debug\vc143.idb
c:\users\hiba alhamad\documents\‏‏factory2 - نسخة (2)\factory2\debug\texture.obj
c:\users\hiba alhamad\documents\‏‏factory2 - نسخة (2)\factory2\debug\sphere.obj
c:\users\hiba alhamad\documents\‏‏factory2 - نسخة (2)\factory2\debug\showroom.obj
c:\users\hiba alhamad\documents\‏‏factory2 - نسخة (2)\factory2\debug\point.obj
c:\users\hiba alhamad\documents\‏‏factory2 - نسخة (2)\factory2\debug\light.obj
c:\users\hiba alhamad\documents\‏‏factory2 - نسخة (2)\factory2\debug\factory2.obj
c:\users\hiba alhamad\documents\‏‏factory2 - نسخة (2)\factory2\debug\door.obj
c:\users\hiba alhamad\documents\‏‏factory2 - نسخة (2)\factory2\debug\cylinder.obj
c:\users\hiba alhamad\documents\‏‏factory2 - نسخة (2)\factory2\debug\cuboid.obj
c:\users\hiba alhamad\documents\‏‏factory2 - نسخة (2)\factory2\debug\camera.obj
c:\users\hiba alhamad\documents\‏‏factory2 - نسخة (2)\debug\factory2.exe
c:\users\hiba alhamad\documents\‏‏factory2 - نسخة (2)\debug\factory2.pdb
c:\users\hiba alhamad\documents\‏‏factory2 - نسخة (2)\factory2\debug\factory2.res
c:\users\hiba alhamad\documents\‏‏factory2 - نسخة (2)\factory2\debug\factory2.ilk
c:\users\hiba alhamad\documents\‏‏factory2 - نسخة (2)\factory2\debug\factory2.tlog\cl.command.1.tlog
c:\users\hiba alhamad\documents\‏‏factory2 - نسخة (2)\factory2\debug\factory2.tlog\cl.items.tlog
c:\users\hiba alhamad\documents\‏‏factory2 - نسخة (2)\factory2\debug\factory2.tlog\cl.read.1.tlog
c:\users\hiba alhamad\documents\‏‏factory2 - نسخة (2)\factory2\debug\factory2.tlog\cl.write.1.tlog
c:\users\hiba alhamad\documents\‏‏factory2 - نسخة (2)\factory2\debug\factory2.tlog\link.command.1.tlog
c:\users\hiba alhamad\documents\‏‏factory2 - نسخة (2)\factory2\debug\factory2.tlog\link.read.1.tlog
c:\users\hiba alhamad\documents\‏‏factory2 - نسخة (2)\factory2\debug\factory2.tlog\link.secondary.1.tlog
c:\users\hiba alhamad\documents\‏‏factory2 - نسخة (2)\factory2\debug\factory2.tlog\link.write.1.tlog
c:\users\hiba alhamad\documents\‏‏factory2 - نسخة (2)\factory2\debug\factory2.tlog\rc.command.1.tlog
c:\users\hiba alhamad\documents\‏‏factory2 - نسخة (2)\factory2\debug\factory2.tlog\rc.read.1.tlog
c:\users\hiba alhamad\documents\‏‏factory2 - نسخة (2)\factory2\debug\factory2.tlog\rc.write.1.tlog
